<?xml version="1.0" encoding="UTF-8"?>
<!-- Generated by org.testng.reporters.JUnitXMLReporter -->
<testsuite ignored="0" hostname="Nikhils-MacBook-Air.local" failures="1" tests="1" name="Surefire test" time="30.894" errors="0" timestamp="2024-07-07T19:22:37 IST">
  <testcase classname="TestScript.ExecuteAllTest" name="leadtest" time="30.858">
    <failure type="java.lang.IllegalArgumentException" message="Cannot find elements when the XPath is null for key: imagineapplegcredeem">
      <![CDATA[java.lang.IllegalArgumentException: Cannot find elements when the XPath is null for key: imagineapplegcredeem
at TestScript.Keywords.click1(Keywords.java:87)
at TestScript.ExecuteAllTest.leadtest(ExecuteAllTest.java:143)
at java.base/java.util.ArrayList.forEach(ArrayList.java:1596)
... Removed 30 stack frames]]>
    </failure>
  </testcase> <!-- leadtest -->
</testsuite> <!-- Surefire test -->
