-------------------------------------------------------------------------------
Test set: TestSuite
-------------------------------------------------------------------------------
Tests run: 1, Failures: 1, Errors: 0, Skipped: 0, Time elapsed: 31.131 s <<< FAILURE! - in TestSuite
leadtest(TestScript.ExecuteAllTest)  Time elapsed: 30.871 s  <<< FAILURE!
java.lang.IllegalArgumentException: Cannot find elements when the XPath is null for key: imagineapplegcredeem
	at TestScript.ExecuteAllTest.leadtest(ExecuteAllTest.java:143)

